TN:
SF:server/index.ts
FN:61,(anonymous_0)
FN:67,(anonymous_1)
FN:228,(anonymous_2)
FN:240,plugin
FNF:4
FNH:2
FNDA:0,(anonymous_0)
FNDA:0,(anonymous_1)
FNDA:4,(anonymous_2)
FNDA:4,plugin
DA:20,3
DA:62,0
DA:64,0
DA:65,0
DA:67,0
DA:68,0
DA:69,0
DA:215,3
DA:228,4
DA:241,4
LF:10
LH:4
BRDA:64,0,0,0
BRDA:64,0,1,0
BRDA:64,1,0,0
BRDA:64,1,1,0
BRDA:68,2,0,0
BRDA:68,2,1,0
BRF:6
BRH:0
end_of_record
TN:
SF:server/plugin.ts
FN:76,(anonymous_0)
FN:80,(anonymous_1)
FN:102,(anonymous_2)
FN:141,(anonymous_3)
FN:173,(anonymous_4)
FNF:5
FNH:5
FNDA:4,(anonymous_0)
FNDA:4,(anonymous_1)
FNDA:56,(anonymous_2)
FNDA:4,(anonymous_3)
FNDA:4,(anonymous_4)
DA:77,4
DA:81,4
DA:83,4
DA:84,4
DA:86,4
DA:88,4
DA:95,4
DA:97,4
DA:102,4
DA:103,56
DA:110,4
DA:123,4
DA:124,4
DA:127,4
DA:128,4
DA:130,4
DA:131,2
DA:134,4
DA:142,4
DA:143,4
DA:144,4
DA:145,4
DA:146,2
DA:148,2
DA:149,2
DA:150,2
DA:151,2
DA:152,2
DA:154,2
DA:156,2
DA:157,2
DA:158,2
DA:168,4
LF:33
LH:33
BRDA:130,0,0,2
BRDA:130,0,1,2
BRDA:145,1,0,2
BRDA:145,1,1,2
BRF:4
BRH:4
end_of_record
TN:
SF:server/types.ts
FNF:0
FNH:0
LF:0
LH:0
BRF:0
BRH:0
end_of_record
TN:
SF:server/auth/auth_handler_factory.ts
FN:37,createAuthentication
FN:51,getAuthenticationHandler
FNF:2
FNH:2
FNDA:10,createAuthentication
FNDA:11,getAuthenticationHandler
DA:48,10
DA:60,11
DA:61,11
DA:62,11
DA:63,11
DA:64,11
DA:67,11
DA:68,11
DA:71,6
DA:72,6
DA:73,6
DA:75,1
DA:76,1
DA:78,1
DA:79,1
DA:80,1
DA:82,1
DA:83,1
DA:84,1
DA:86,1
DA:87,1
DA:89,1
DA:92,0
DA:95,10
DA:106,10
LF:25
LH:24
BRDA:67,0,0,11
BRDA:67,0,1,0
BRDA:68,1,0,5
BRDA:68,1,1,6
BRDA:68,1,2,1
BRDA:68,1,3,1
BRDA:68,1,4,1
BRDA:68,1,5,1
BRDA:68,1,6,1
BRF:9
BRH:8
end_of_record
TN:
SF:server/auth/user.ts
FNF:0
FNH:0
LF:0
LH:0
BRF:0
BRH:0
end_of_record
TN:
SF:server/auth/types/authentication_type.ts
FN:66,(anonymous_0)
FN:80,(anonymous_1)
FN:203,(anonymous_2)
FN:220,(anonymous_3)
FN:244,(anonymous_4)
FNF:5
FNH:5
FNDA:4,(anonymous_0)
FNDA:60,(anonymous_1)
FNDA:60,(anonymous_2)
FNDA:42,(anonymous_3)
FNDA:13,(anonymous_4)
DA:55,3
DA:60,3
DA:75,4
DA:76,4
DA:80,4
DA:84,60
DA:85,0
DA:93,60
DA:100,60
DA:102,47
DA:103,47
DA:104,47
DA:105,47
DA:106,47
DA:107,46
DA:110,46
DA:111,46
DA:112,0
DA:115,46
DA:117,1
DA:123,13
DA:124,13
DA:125,13
DA:126,13
DA:129,0
DA:132,13
DA:133,13
DA:134,13
DA:136,13
DA:141,13
DA:142,0
DA:146,13
DA:147,13
DA:151,0
DA:152,0
DA:153,0
DA:157,0
DA:158,0
DA:159,0
DA:160,0
DA:161,0
DA:165,46
DA:166,42
DA:167,42
DA:169,42
DA:170,0
DA:176,42
DA:180,42
DA:181,42
DA:182,42
DA:186,0
DA:187,0
DA:188,0
DA:189,0
DA:191,0
DA:192,0
DA:194,0
DA:198,46
DA:204,60
DA:205,60
DA:206,0
DA:209,60
DA:210,0
DA:213,60
DA:215,0
DA:217,60
DA:226,42
DA:227,0
DA:228,0
DA:230,0
DA:234,42
DA:241,42
DA:245,13
DA:246,13
DA:247,13
DA:248,13
LF:76
LH:50
BRDA:84,0,0,0
BRDA:84,0,1,60
BRDA:100,1,0,47
BRDA:100,1,1,13
BRDA:111,2,0,0
BRDA:111,2,1,46
BRDA:111,3,0,46
BRDA:111,3,1,0
BRDA:132,4,0,13
BRDA:132,4,1,0
BRDA:132,5,0,13
BRDA:132,5,1,9
BRDA:141,6,0,0
BRDA:141,6,1,13
BRDA:141,7,0,13
BRDA:141,7,1,13
BRDA:151,8,0,0
BRDA:151,8,1,0
BRDA:165,9,0,42
BRDA:165,9,1,4
BRDA:165,10,0,46
BRDA:165,10,1,42
BRDA:169,11,0,0
BRDA:169,11,1,42
BRDA:180,12,0,42
BRDA:180,12,1,0
BRDA:187,13,0,0
BRDA:187,13,1,0
BRDA:188,14,0,0
BRDA:188,14,1,0
BRDA:188,15,0,0
BRDA:188,15,1,0
BRDA:205,16,0,0
BRDA:205,16,1,60
BRDA:209,17,0,0
BRDA:209,17,1,60
BRDA:213,18,0,0
BRDA:213,18,1,60
BRDA:226,19,0,0
BRDA:226,19,1,42
BRDA:245,20,0,13
BRDA:245,20,1,0
BRDA:248,21,0,13
BRDA:248,21,1,10
BRDA:248,21,2,10
BRF:45
BRH:25
end_of_record
TN:
SF:server/auth/types/index.ts
FNF:0
FNH:0
LF:0
LH:0
BRF:0
BRH:0
end_of_record
TN:
SF:server/auth/types/basic/basic_auth.ts
FN:38,(anonymous_0)
FN:51,(anonymous_1)
FN:63,(anonymous_2)
FN:69,(anonymous_3)
FN:73,(anonymous_4)
FN:102,(anonymous_5)
FN:111,(anonymous_6)
FN:143,(anonymous_7)
FNF:8
FNH:7
FNDA:4,(anonymous_0)
FNDA:4,(anonymous_1)
FNDA:60,(anonymous_2)
FNDA:47,(anonymous_3)
FNDA:46,(anonymous_4)
FNDA:9,(anonymous_5)
FNDA:13,(anonymous_6)
FNDA:0,(anonymous_7)
DA:35,3
DA:36,4
DA:46,4
DA:48,4
DA:52,4
DA:59,4
DA:66,60
DA:70,47
DA:74,46
DA:75,46
DA:76,46
DA:77,46
DA:79,46
DA:83,0
DA:91,46
DA:103,9
DA:116,13
DA:117,3
DA:121,3
DA:122,2
DA:123,2
DA:129,1
DA:130,1
DA:137,10
DA:144,0
DA:145,0
DA:147,0
DA:148,0
DA:149,0
LF:29
LH:23
BRDA:66,0,0,47
BRDA:66,0,1,13
BRDA:79,1,0,0
BRDA:79,1,1,46
BRDA:80,2,0,46
BRDA:80,2,1,4
BRDA:104,3,0,9
BRDA:104,3,1,0
BRDA:104,3,2,0
BRDA:104,3,3,0
BRDA:104,3,4,0
BRDA:104,3,5,0
BRDA:116,4,0,3
BRDA:116,4,1,10
BRDA:121,5,0,2
BRDA:121,5,1,1
BRDA:144,6,0,0
BRDA:144,6,1,0
BRDA:144,7,0,0
BRDA:144,7,1,0
BRF:20
BRH:10
end_of_record
TN:
SF:server/auth/types/basic/routes.ts
FN:30,(anonymous_0)
FN:33,(anonymous_1)
FN:41,(anonymous_2)
FN:52,(anonymous_3)
FN:77,(anonymous_4)
FN:153,(anonymous_5)
FN:170,(anonymous_6)
FNF:7
FNH:6
FNDA:0,(anonymous_0)
FNDA:4,(anonymous_1)
FNDA:4,(anonymous_2)
FNDA:4,(anonymous_3)
FNDA:2,(anonymous_4)
FNDA:1,(anonymous_5)
FNDA:4,(anonymous_6)
DA:31,0
DA:44,4
DA:53,4
DA:54,4
DA:55,4
DA:64,4
DA:78,2
DA:79,2
DA:80,2
DA:81,0
DA:84,0
DA:91,2
DA:92,2
DA:97,1
DA:98,1
DA:105,1
DA:106,1
DA:109,1
DA:119,1
DA:120,0
DA:127,0
DA:129,1
DA:131,1
DA:145,4
DA:154,1
DA:155,1
DA:162,4
DA:171,4
DA:174,3
DA:177,3
DA:178,3
DA:179,3
DA:180,2
DA:182,3
DA:183,3
DA:184,3
DA:186,3
DA:189,3
DA:198,0
DA:199,0
DA:206,0
DA:207,0
DA:214,0
DA:216,0
DA:218,0
DA:224,1
DA:227,1
LF:47
LH:35
BRDA:80,0,0,0
BRDA:80,0,1,2
BRDA:119,1,0,0
BRDA:119,1,1,1
BRDA:137,2,0,0
BRDA:137,2,1,1
BRDA:171,3,0,3
BRDA:171,3,1,1
BRDA:174,4,0,0
BRDA:174,4,1,3
BRDA:179,5,0,2
BRDA:179,5,1,1
BRDA:192,6,0,2
BRDA:192,6,1,1
BRDA:206,7,0,0
BRDA:206,7,1,0
BRF:16
BRH:10
end_of_record
TN:
SF:server/auth/types/multiauth/multi_auth.ts
FN:68,(anonymous_0)
FN:98,(anonymous_1)
FN:145,(anonymous_2)
FN:152,(anonymous_3)
FN:156,(anonymous_4)
FN:230,(anonymous_5)
FN:237,(anonymous_6)
FN:255,(anonymous_7)
FN:335,(anonymous_8)
FN:377,(anonymous_9)
FNF:10
FNH:0
FNDA:0,(anonymous_0)
FNDA:0,(anonymous_1)
FNDA:0,(anonymous_2)
FNDA:0,(anonymous_3)
FNDA:0,(anonymous_4)
FNDA:0,(anonymous_5)
FNDA:0,(anonymous_6)
FNDA:0,(anonymous_7)
FNDA:0,(anonymous_8)
FNDA:0,(anonymous_9)
DA:57,3
DA:58,3
DA:59,0
DA:76,0
DA:77,0
DA:80,0
DA:82,0
DA:83,0
DA:84,0
DA:86,0
DA:87,0
DA:89,0
DA:90,0
DA:91,0
DA:93,0
DA:95,0
DA:99,0
DA:111,0
DA:112,0
DA:113,0
DA:115,0
DA:116,0
DA:119,0
DA:120,0
DA:121,0
DA:123,0
DA:124,0
DA:125,0
DA:127,0
DA:128,0
DA:129,0
DA:130,0
DA:131,0
DA:134,0
DA:135,0
DA:136,0
DA:138,0
DA:147,0
DA:148,0
DA:149,0
DA:153,0
DA:157,0
DA:158,0
DA:159,0
DA:160,0
DA:162,0
DA:167,0
DA:174,0
DA:231,0
DA:232,0
DA:233,0
DA:235,0
DA:237,0
DA:238,0
DA:241,0
DA:242,0
DA:252,0
DA:256,0
DA:257,0
DA:258,0
DA:259,0
DA:261,0
DA:266,0
DA:267,0
DA:268,0
DA:269,0
DA:270,0
DA:277,0
DA:279,0
DA:280,0
DA:284,0
DA:285,0
DA:286,0
DA:292,0
DA:299,0
DA:300,0
DA:305,0
DA:307,0
DA:310,0
DA:311,0
DA:315,0
DA:317,0
DA:318,0
DA:319,0
DA:323,0
DA:330,0
DA:340,0
DA:341,0
DA:342,0
DA:344,0
DA:346,0
DA:351,0
DA:352,0
DA:353,0
DA:354,0
DA:360,0
DA:361,0
DA:362,0
DA:363,0
DA:371,0
DA:378,0
DA:379,0
DA:380,0
DA:383,0
DA:384,0
DA:386,0
DA:387,0
DA:388,0
LF:108
LH:2
BRDA:83,0,0,0
BRDA:83,0,1,0
BRDA:86,1,0,0
BRDA:86,1,1,0
BRDA:90,2,0,0
BRDA:90,2,1,0
BRDA:116,3,0,0
BRDA:116,3,1,0
BRDA:116,3,2,0
BRDA:116,3,3,0
BRDA:116,3,4,0
BRDA:129,4,0,0
BRDA:129,4,1,0
BRDA:149,5,0,0
BRDA:149,5,1,0
BRDA:162,6,0,0
BRDA:162,6,1,0
BRDA:163,7,0,0
BRDA:163,7,1,0
BRDA:163,7,2,0
BRDA:232,8,0,0
BRDA:232,8,1,0
BRDA:235,9,0,0
BRDA:235,9,1,0
BRDA:241,10,0,0
BRDA:241,10,1,0
BRDA:258,11,0,0
BRDA:258,11,1,0
BRDA:261,12,0,0
BRDA:261,12,1,0
BRDA:261,12,2,0
BRDA:261,12,3,0
BRDA:261,12,4,0
BRDA:261,12,5,0
BRDA:268,13,0,0
BRDA:268,13,1,0
BRDA:270,14,0,0
BRDA:270,14,1,0
BRDA:271,15,0,0
BRDA:271,15,1,0
BRDA:271,15,2,0
BRDA:271,15,3,0
BRDA:271,15,4,0
BRDA:279,16,0,0
BRDA:279,16,1,0
BRDA:284,17,0,0
BRDA:284,17,1,0
BRDA:299,18,0,0
BRDA:299,18,1,0
BRDA:317,19,0,0
BRDA:317,19,1,0
BRDA:319,20,0,0
BRDA:319,20,1,0
BRDA:319,20,2,0
BRDA:319,20,3,0
BRDA:324,21,0,0
BRDA:324,21,1,0
BRDA:324,21,2,0
BRDA:324,21,3,0
BRDA:344,22,0,0
BRDA:344,22,1,0
BRDA:352,23,0,0
BRDA:352,23,1,0
BRDA:379,24,0,0
BRDA:379,24,1,0
BRDA:379,25,0,0
BRDA:379,25,1,0
BRDA:379,25,2,0
BRF:68
BRH:0
end_of_record
TN:
SF:server/auth/types/multiauth/routes.ts
FN:44,(anonymous_0)
FN:56,(anonymous_1)
FN:67,(anonymous_2)
FN:80,(anonymous_3)
FNF:4
FNH:0
FNDA:0,(anonymous_0)
FNDA:0,(anonymous_1)
FNDA:0,(anonymous_2)
FNDA:0,(anonymous_3)
DA:42,3
DA:57,0
DA:64,0
DA:68,0
DA:77,0
DA:81,0
DA:88,0
LF:7
LH:1
BRF:0
BRH:0
end_of_record
TN:
SF:server/backend/opensearch_security_client.ts
FN:20,(anonymous_0)
FN:22,(anonymous_1)
FN:48,(anonymous_2)
FN:85,(anonymous_3)
FN:107,(anonymous_4)
FN:120,(anonymous_5)
FN:130,(anonymous_6)
FN:138,(anonymous_7)
FN:148,(anonymous_8)
FN:191,(anonymous_9)
FNF:10
FNH:5
FNDA:8,(anonymous_0)
FNDA:2,(anonymous_1)
FNDA:0,(anonymous_2)
FNDA:3,(anonymous_3)
FNDA:47,(anonymous_4)
FNDA:0,(anonymous_5)
FNDA:2,(anonymous_6)
FNDA:0,(anonymous_7)
FNDA:0,(anonymous_8)
FNDA:0,(anonymous_9)
DA:23,2
DA:26,2
DA:27,2
DA:34,1
DA:44,1
DA:55,0
DA:56,0
DA:60,0
DA:61,0
DA:62,0
DA:67,0
DA:72,0
DA:81,0
DA:89,3
DA:90,3
DA:95,0
DA:103,3
DA:108,47
DA:109,47
DA:115,1
DA:121,0
DA:122,0
DA:126,0
DA:131,2
DA:132,2
DA:134,0
DA:139,0
DA:140,0
DA:144,0
DA:149,0
DA:151,0
DA:152,0
DA:153,0
DA:163,0
DA:164,0
DA:166,0
DA:167,0
DA:170,0
DA:171,0
DA:172,0
DA:174,0
DA:175,0
DA:176,0
DA:177,0
DA:182,0
DA:184,0
DA:185,0
DA:188,0
DA:196,0
DA:201,0
DA:202,0
DA:206,0
DA:207,0
LF:53
LH:13
BRDA:52,0,0,0
BRDA:53,1,0,0
BRDA:61,2,0,0
BRDA:61,2,1,0
BRDA:87,3,0,0
BRDA:107,4,0,0
BRDA:166,5,0,0
BRDA:166,5,1,0
BRDA:176,6,0,0
BRDA:176,6,1,0
BRDA:176,7,0,0
BRDA:176,7,1,0
BRDA:194,8,0,0
BRF:13
BRH:0
end_of_record
TN:
SF:server/backend/opensearch_security_configuration_plugin.ts
FN:17,(anonymous_0)
FNF:1
FNH:1
FNDA:7,(anonymous_0)
DA:18,7
DA:20,7
DA:21,7
DA:24,7
DA:33,7
DA:50,7
DA:75,7
DA:103,7
DA:128,7
DA:148,7
DA:168,7
DA:178,7
DA:189,7
DA:206,7
DA:216,7
LF:15
LH:15
BRDA:20,0,0,7
BRDA:20,0,1,0
BRF:2
BRH:1
end_of_record
TN:
SF:server/backend/opensearch_security_plugin.ts
FN:17,(anonymous_0)
FNF:1
FNH:1
FNDA:7,(anonymous_0)
DA:18,7
DA:20,7
DA:21,0
DA:27,7
DA:45,7
DA:57,7
DA:66,7
LF:7
LH:6
BRDA:20,0,0,0
BRDA:20,0,1,7
BRF:2
BRH:1
end_of_record
TN:
SF:server/errors/index.ts
FNF:0
FNH:0
LF:0
LH:0
BRF:0
BRH:0
end_of_record
TN:
SF:server/errors/no_available_tenant_error.ts
FN:17,(anonymous_0)
FNF:1
FNH:0
FNDA:0,(anonymous_0)
DA:18,0
LF:1
LH:0
BRF:0
BRH:0
end_of_record
TN:
SF:server/errors/unauthenticated_error.ts
FN:17,(anonymous_0)
FNF:1
FNH:0
FNDA:0,(anonymous_0)
DA:18,0
LF:1
LH:0
BRF:0
BRH:0
end_of_record
TN:
SF:server/multitenancy/routes.ts
FN:22,setupMultitenantRoutes
FN:44,(anonymous_1)
FN:71,(anonymous_2)
FN:101,(anonymous_3)
FN:131,(anonymous_4)
FNF:5
FNH:1
FNDA:2,setupMultitenantRoutes
FNDA:0,(anonymous_1)
FNDA:0,(anonymous_2)
FNDA:0,(anonymous_3)
FNDA:0,(anonymous_4)
DA:27,2
DA:29,2
DA:34,2
DA:45,0
DA:47,0
DA:50,0
DA:51,0
DA:55,0
DA:56,0
DA:57,0
DA:66,2
DA:72,0
DA:73,0
DA:74,0
DA:78,0
DA:96,2
DA:102,0
DA:103,0
DA:104,0
DA:111,0
DA:118,2
DA:132,0
LF:22
LH:6
BRDA:50,0,0,0
BRDA:50,0,1,0
BRDA:73,1,0,0
BRDA:73,1,1,0
BRF:4
BRH:0
end_of_record
TN:
SF:server/multitenancy/tenant_index.ts
FN:33,setupIndexTemplate
FN:69,migrateTenantIndices
FNF:2
FNH:2
FNDA:2,setupIndexTemplate
FNDA:2,migrateTenantIndices
DA:39,2
DA:40,2
DA:41,2
DA:64,0
DA:65,0
DA:78,2
DA:79,2
DA:81,0
DA:82,0
DA:87,2
DA:93,2
DA:94,0
DA:105,0
DA:118,0
DA:119,0
DA:121,0
DA:128,0
LF:17
LH:7
BRF:0
BRH:0
end_of_record
TN:
SF:server/multitenancy/tenant_resolver.ts
FN:37,resolveTenant
FN:81,isMultitenantPath
FN:94,resolve
FN:159,(anonymous_3)
FN:169,isValidTenant
FNF:5
FNH:4
FNDA:42,resolveTenant
FNDA:42,isMultitenantPath
FNDA:42,resolve
FNDA:0,(anonymous_3)
FNDA:126,isValidTenant
DA:21,3
DA:22,3
DA:24,3
DA:25,3
DA:45,42
DA:46,42
DA:47,42
DA:48,0
DA:49,42
DA:50,0
DA:51,42
DA:52,0
DA:55,42
DA:56,0
DA:58,42
DA:61,42
DA:62,42
DA:63,42
DA:65,42
DA:82,42
DA:102,42
DA:103,42
DA:105,42
DA:106,0
DA:109,42
DA:110,0
DA:111,0
DA:112,0
DA:115,0
DA:120,0
DA:123,0
DA:124,0
DA:128,42
DA:129,42
DA:130,42
DA:132,42
DA:133,0
DA:136,42
DA:141,42
DA:144,0
DA:145,0
DA:150,0
DA:151,0
DA:154,0
DA:155,0
DA:159,0
DA:170,126
LF:47
LH:27
BRDA:47,0,0,0
BRDA:47,0,1,42
BRDA:49,1,0,0
BRDA:49,1,1,42
BRDA:51,2,0,0
BRDA:51,2,1,42
BRDA:51,3,0,42
BRDA:51,3,1,42
BRDA:52,4,0,0
BRDA:52,4,1,0
BRDA:55,5,0,0
BRDA:55,5,1,42
BRDA:62,6,0,42
BRDA:62,6,1,0
BRDA:63,7,0,42
BRDA:63,7,1,0
BRDA:83,8,0,42
BRDA:83,8,1,42
BRDA:83,8,2,0
BRDA:83,8,3,0
BRDA:83,8,4,0
BRDA:83,8,5,0
BRDA:89,9,0,0
BRDA:89,9,1,0
BRDA:105,10,0,0
BRDA:105,10,1,42
BRDA:105,11,0,42
BRDA:105,11,1,0
BRDA:105,11,2,0
BRDA:109,12,0,0
BRDA:109,12,1,42
BRDA:111,13,0,0
BRDA:111,13,1,0
BRDA:115,14,0,0
BRDA:115,14,1,0
BRDA:116,15,0,0
BRDA:116,15,1,0
BRDA:116,15,2,0
BRDA:123,16,0,0
BRDA:123,16,1,0
BRDA:123,17,0,0
BRDA:123,17,1,0
BRDA:128,18,0,42
BRDA:128,18,1,0
BRDA:128,19,0,42
BRDA:128,19,1,42
BRDA:132,20,0,0
BRDA:132,20,1,42
BRDA:132,21,0,42
BRDA:132,21,1,42
BRDA:136,22,0,42
BRDA:136,22,1,0
BRDA:137,23,0,42
BRDA:137,23,1,42
BRDA:137,23,2,42
BRDA:144,24,0,0
BRDA:144,24,1,0
BRDA:150,25,0,0
BRDA:150,25,1,0
BRDA:154,26,0,0
BRDA:154,26,1,0
BRDA:170,27,0,126
BRDA:170,27,1,42
BRF:63
BRH:25
end_of_record
TN:
SF:server/routes/auth_type_routes.ts
FN:19,defineAuthTypeRoutes
FN:32,(anonymous_1)
FNF:2
FNH:1
FNDA:4,defineAuthTypeRoutes
FNDA:0,(anonymous_1)
DA:30,4
DA:33,0
DA:34,0
LF:3
LH:1
BRDA:33,0,0,0
BRDA:33,0,1,0
BRF:2
BRH:0
end_of_record
TN:
SF:server/routes/index.ts
FN:26,defineRoutes
FN:77,validateRequestBody
FN:85,validateEntityId
FN:243,(anonymous_3)
FN:348,(anonymous_4)
FN:382,(anonymous_5)
FN:425,(anonymous_6)
FN:469,(anonymous_7)
FN:527,(anonymous_8)
FN:606,(anonymous_9)
FN:691,(anonymous_10)
FN:719,(anonymous_11)
FN:751,(anonymous_12)
FN:782,(anonymous_13)
FN:812,(anonymous_14)
FN:841,(anonymous_15)
FN:855,parseEsErrorResponse
FN:867,errorResponse
FNF:18
FNH:15
FNDA:4,defineRoutes
FNDA:16,validateRequestBody
FNDA:16,validateEntityId
FNDA:2,(anonymous_3)
FNDA:9,(anonymous_4)
FNDA:2,(anonymous_5)
FNDA:0,(anonymous_6)
FNDA:16,(anonymous_7)
FNDA:11,(anonymous_8)
FNDA:0,(anonymous_9)
FNDA:0,(anonymous_10)
FNDA:1,(anonymous_11)
FNDA:1,(anonymous_12)
FNDA:1,(anonymous_13)
FNDA:1,(anonymous_14)
FNDA:1,(anonymous_15)
FNDA:4,parseEsErrorResponse
FNDA:4,errorResponse
DA:27,4
DA:34,4
DA:45,4
DA:52,4
DA:59,4
DA:63,4
DA:68,4
DA:78,16
DA:79,16
DA:80,0
DA:82,16
DA:86,16
DA:87,0
DA:234,4
DA:248,2
DA:250,2
DA:251,2
DA:254,2
DA:261,0
DA:262,0
DA:338,4
DA:353,9
DA:355,9
DA:356,9
DA:360,6
DA:362,3
DA:370,4
DA:387,2
DA:389,2
DA:390,2
DA:394,2
DA:400,0
DA:415,4
DA:430,0
DA:431,0
DA:433,0
DA:435,0
DA:437,0
DA:438,0
DA:442,0
DA:448,0
DA:456,4
DA:474,16
DA:475,16
DA:477,0
DA:479,16
DA:481,16
DA:482,16
DA:487,15
DA:493,1
DA:522,4
DA:532,11
DA:534,11
DA:535,11
DA:537,11
DA:541,0
DA:601,4
DA:611,0
DA:614,0
DA:615,0
DA:617,0
DA:621,0
DA:684,4
DA:692,0
DA:694,0
DA:695,0
DA:698,0
DA:704,0
DA:714,4
DA:720,1
DA:722,1
DA:723,1
DA:724,1
DA:730,0
DA:746,4
DA:752,1
DA:753,1
DA:754,1
DA:755,1
DA:759,0
DA:771,4
DA:783,1
DA:784,1
DA:785,1
DA:788,1
DA:792,0
DA:803,4
DA:813,1
DA:814,1
DA:815,1
DA:821,1
DA:825,0
DA:836,4
DA:842,1
DA:843,1
DA:844,1
DA:845,1
DA:849,0
DA:856,4
DA:857,4
DA:858,4
DA:859,4
DA:861,0
DA:864,0
DA:868,4
LF:105
LH:73
BRDA:79,0,0,0
BRDA:79,0,1,16
BRDA:86,1,0,0
BRDA:86,1,1,16
BRDA:856,2,0,4
BRDA:856,2,1,0
BRDA:859,3,0,4
BRDA:859,3,1,4
BRF:8
BRH:5
end_of_record
TN:
SF:server/session/security_cookie.ts
FN:42,getSecurityCookieOptions
FN:48,(anonymous_1)
FN:76,clearOldVersionCookieValue
FNF:3
FNH:3
FNDA:4,getSecurityCookieOptions
FNDA:9,(anonymous_1)
FNDA:4,clearOldVersionCookieValue
DA:45,4
DA:49,9
DA:50,9
DA:51,0
DA:57,9
DA:58,0
DA:62,9
DA:63,0
DA:66,9
DA:67,0
DA:69,9
DA:77,4
DA:78,0
DA:80,4
LF:14
LH:9
BRDA:50,0,0,0
BRDA:50,0,1,9
BRDA:57,1,0,0
BRDA:57,1,1,9
BRDA:57,2,0,9
BRDA:57,2,1,0
BRDA:57,2,2,0
BRDA:62,3,0,0
BRDA:62,3,1,9
BRDA:66,4,0,0
BRDA:66,4,1,9
BRDA:66,5,0,9
BRDA:66,5,1,9
BRDA:72,6,0,4
BRDA:72,6,1,4
BRDA:77,7,0,0
BRDA:77,7,1,4
BRF:17
BRH:10
end_of_record
TN:
SF:server/utils/next_url.ts
FN:21,composeNextUrlQueryParam
FN:57,(anonymous_1)
FNF:2
FNH:2
FNDA:7,composeNextUrlQueryParam
FNDA:521,(anonymous_1)
DA:25,7
DA:26,7
DA:27,7
DA:28,7
DA:30,7
DA:31,5
DA:36,2
DA:43,4
DA:57,4
DA:58,521
DA:59,521
DA:60,521
DA:66,516
LF:13
LH:13
BRDA:30,0,0,5
BRDA:30,0,1,2
BRDA:30,1,0,7
BRDA:30,1,1,7
BRDA:58,2,0,521
BRDA:58,2,1,0
BRDA:60,3,0,516
BRDA:60,3,1,5
BRDA:61,4,0,521
BRDA:61,4,1,6
BRDA:61,4,2,5
BRDA:61,4,3,5
BRF:12
BRH:11
end_of_record
